Arguments: 
  /Users/adiamorrisswanger/.nvm/versions/node/v15.10.0/bin/node /Users/adiamorrisswanger/.nvm/versions/node/v15.10.0/bin/yarn global bin

PATH: 
  /opt/homebrew/bin:/opt/homebrew/sbin:/Users/adiamorrisswanger/.nvm/versions/node/v15.10.0/bin:/usr/local/bin:/usr/bin:/bin:/usr/sbin:/sbin:/Users/adiamorrisswanger/Library/Android/sdk/platform-tools:/opt/homebrew/bin:/opt/homebrew/sbin:/Users/adiamorrisswanger/.nvm/versions/node/v15.10.0/bin:/Applications/Visual Studio Code.app/Contents/Resources/app/bin:/Users/adiamorrisswanger/.yarn/bin:/Applications/Visual Studio Code.app/Contents/Resources/app/bin:info If you think this is a bug, please open a bug report with the information provided in "/Users/adiamorrisswanger/Desktop/NucampFolder/5-NodeJS-Express-MongoDB/portfolioproject/yarn-error.log".
  info Visit https://yarnpkg.com/en/docs/cli/global for documentation about this command.:info If you think this is a bug, please open a bug report with the information provided in "/Users/adiamorrisswanger/Desktop/NucampFolder/5-NodeJS-Express-MongoDB/portfolioproject/yarn-error.log".
  info Visit https://yarnpkg.com/en/docs/cli/global for documentation about this command.:info If you think this is a bug, please open a bug report with the information provided in "/Users/adiamorrisswanger/Desktop/NucampFolder/5-NodeJS-Express-MongoDB/portfolioproject/yarn-error.log".
  info Visit https://yarnpkg.com/en/docs/cli/global for documentation about this command.

Yarn version: 
  1.22.17

Node version: 
  15.10.0

Platform: 
  darwin arm64

Trace: 
  SyntaxError: /Users/adiamorrisswanger/Desktop/NucampFolder/5-NodeJS-Express-MongoDB/portfolioproject/package.json: Unexpected end of JSON input
      at JSON.parse (<anonymous>)
      at /Users/adiamorrisswanger/.nvm/versions/node/v15.10.0/lib/node_modules/yarn/lib/cli.js:1625:59
      at Generator.next (<anonymous>)
      at step (/Users/adiamorrisswanger/.nvm/versions/node/v15.10.0/lib/node_modules/yarn/lib/cli.js:310:30)
      at /Users/adiamorrisswanger/.nvm/versions/node/v15.10.0/lib/node_modules/yarn/lib/cli.js:321:13

npm manifest: 
  

yarn manifest: 
  No manifest

Lockfile: 
  No lockfile
